[debug] [2019-07-26T00:52:00.143Z] ----------------------------------------------------------------------
[debug] [2019-07-26T00:52:00.147Z] Command:       /home/mohamed/.nvm/versions/node/v10.16.0/bin/node /home/mohamed/.nvm/versions/node/v10.16.0/bin/firebase init
[debug] [2019-07-26T00:52:00.148Z] CLI Version:   7.2.1
[debug] [2019-07-26T00:52:00.148Z] Platform:      linux
[debug] [2019-07-26T00:52:00.148Z] Node Version:  v10.16.0
[debug] [2019-07-26T00:52:00.148Z] Time:          Fri Jul 26 2019 02:52:00 GMT+0200 (Eastern European Standard Time)
[debug] [2019-07-26T00:52:00.148Z] ----------------------------------------------------------------------
[debug] 
[debug] [2019-07-26T00:52:00.157Z] > command requires scopes: ["email","openid","https://www.googleapis.com/auth/cloudplatformprojects.readonly","https://www.googleapis.com/auth/firebase","https://www.googleapis.com/auth/cloud-platform"]
[debug] [2019-07-26T00:52:00.158Z] > authorizing via signed-in user
[info] 
     ######## #### ########  ######## ########     ###     ######  ########
     ##        ##  ##     ## ##       ##     ##  ##   ##  ##       ##
     ######    ##  ########  ######   ########  #########  ######  ######
     ##        ##  ##    ##  ##       ##     ## ##     ##       ## ##
     ##       #### ##     ## ######## ########  ##     ##  ######  ########

You're about to initialize a Firebase project in this directory:

  /media/mohamed/New Volume/learnvuejs/rt-chat

Before we get started, keep in mind:

  * You are currently outside your home directory

[info] 
=== Project Setup
[info] 
[info] First, let's associate this project directory with a Firebase project.
[info] You can create multiple project aliases by running firebase use --add, 
[info] but for now we'll just set up a default project.
[info] 
[debug] [2019-07-26T00:52:06.395Z] > refreshing access token with scopes: ["email","https://www.googleapis.com/auth/cloud-platform","https://www.googleapis.com/auth/cloudplatformprojects.readonly","https://www.googleapis.com/auth/firebase","openid"]
[debug] [2019-07-26T00:52:06.396Z] >>> HTTP REQUEST POST https://www.googleapis.com/oauth2/v3/token  
 <request body omitted>
[debug] [2019-07-26T00:52:09.524Z] <<< HTTP RESPONSE 200
[debug] [2019-07-26T00:52:09.566Z] >>> HTTP REQUEST GET https://firebase.googleapis.com/v1beta1/projects?page_size=100  
 
[debug] [2019-07-26T00:52:12.258Z] <<< HTTP RESPONSE 200
[info] i  Using project real-time-chat-fe76c (real-time-chat)
[info] 
=== Hosting Setup
[info] 
[info] Your public directory is the folder (relative to your project directory) that
[info] will contain Hosting assets to be uploaded with firebase deploy. If you
[info] have a build process for your assets, use your build's output directory.
[info] 
[info] ✔  Wrote public/404.html
[debug] [2019-07-26T00:53:27.918Z] >>> HTTP REQUEST GET https://www.gstatic.com/firebasejs/releases.json  
 
